<?xml version="1.0" encoding="UTF-8"?>
<testng-results skipped="0" failed="1" ignored="2" total="27" passed="24">
  <reporter-output>
  </reporter-output>
  <suite name="Default suite" duration-ms="270" started-at="2019-03-15T08:23:04Z" finished-at="2019-03-15T08:23:04Z">
    <groups>
    </groups>
    <test name="Default test" duration-ms="270" started-at="2019-03-15T08:23:04Z" finished-at="2019-03-15T08:23:04Z">
      <class name="environment.NewTest">
        <test-method status="PASS" signature="beforeSuite()[pri:0, instance:environment.NewTest@3dd4a6fa]" name="beforeSuite" is-config="true" duration-ms="23" started-at="2019-03-15T08:23:04Z" finished-at="2019-03-15T08:23:04Z">
          <reporter-output>
          </reporter-output>
        </test-method> <!-- beforeSuite -->
        <test-method status="PASS" signature="beforeTest()[pri:0, instance:environment.NewTest@3dd4a6fa]" name="beforeTest" is-config="true" duration-ms="0" started-at="2019-03-15T08:23:04Z" finished-at="2019-03-15T08:23:04Z">
          <reporter-output>
          </reporter-output>
        </test-method> <!-- beforeTest -->
        <test-method status="PASS" signature="beforeClass()[pri:0, instance:environment.NewTest@3dd4a6fa]" name="beforeClass" is-config="true" duration-ms="1" started-at="2019-03-15T08:23:04Z" finished-at="2019-03-15T08:23:04Z">
          <reporter-output>
          </reporter-output>
        </test-method> <!-- beforeClass -->
        <test-method status="PASS" signature="beforeMethod()[pri:0, instance:environment.NewTest@3dd4a6fa]" name="beforeMethod" is-config="true" duration-ms="1" started-at="2019-03-15T08:23:04Z" finished-at="2019-03-15T08:23:04Z">
          <reporter-output>
          </reporter-output>
        </test-method> <!-- beforeMethod -->
        <test-method status="PASS" signature="f(java.lang.Integer, java.lang.String)[pri:0, instance:environment.NewTest@3dd4a6fa]" name="f" duration-ms="10" started-at="2019-03-15T08:23:04Z" data-provider="dp" finished-at="2019-03-15T08:23:04Z">
          <params>
            <param index="0">
              <value>
                <![CDATA[1]]>
              </value>
            </param>
            <param index="1">
              <value>
                <![CDATA[a]]>
              </value>
            </param>
          </params>
          <reporter-output>
          </reporter-output>
        </test-method> <!-- f -->
        <test-method status="PASS" signature="afterMethod()[pri:0, instance:environment.NewTest@3dd4a6fa]" name="afterMethod" is-config="true" duration-ms="1" started-at="2019-03-15T08:23:04Z" finished-at="2019-03-15T08:23:04Z">
          <reporter-output>
          </reporter-output>
        </test-method> <!-- afterMethod -->
        <test-method status="PASS" signature="beforeMethod()[pri:0, instance:environment.NewTest@3dd4a6fa]" name="beforeMethod" is-config="true" duration-ms="1" started-at="2019-03-15T08:23:04Z" finished-at="2019-03-15T08:23:04Z">
          <reporter-output>
          </reporter-output>
        </test-method> <!-- beforeMethod -->
        <test-method status="PASS" signature="f(java.lang.Integer, java.lang.String)[pri:0, instance:environment.NewTest@3dd4a6fa]" name="f" duration-ms="2" started-at="2019-03-15T08:23:04Z" data-provider="dp" finished-at="2019-03-15T08:23:04Z">
          <params>
            <param index="0">
              <value>
                <![CDATA[2]]>
              </value>
            </param>
            <param index="1">
              <value>
                <![CDATA[b]]>
              </value>
            </param>
          </params>
          <reporter-output>
          </reporter-output>
        </test-method> <!-- f -->
        <test-method status="PASS" signature="afterMethod()[pri:0, instance:environment.NewTest@3dd4a6fa]" name="afterMethod" is-config="true" duration-ms="1" started-at="2019-03-15T08:23:04Z" finished-at="2019-03-15T08:23:04Z">
          <reporter-output>
          </reporter-output>
        </test-method> <!-- afterMethod -->
        <test-method status="PASS" signature="beforeMethod()[pri:0, instance:environment.NewTest@3dd4a6fa]" name="beforeMethod" is-config="true" duration-ms="1" started-at="2019-03-15T08:23:04Z" finished-at="2019-03-15T08:23:04Z">
          <reporter-output>
          </reporter-output>
        </test-method> <!-- beforeMethod -->
        <test-method status="FAIL" signature="test1()[pri:0, instance:environment.NewTest@3dd4a6fa]" name="test1" duration-ms="6" started-at="2019-03-15T08:23:04Z" finished-at="2019-03-15T08:23:04Z">
          <exception class="org.testng.TestException">
            <message>
              <![CDATA[
Expected exception of type class java.lang.ArithmeticException but got java.lang.Error: Unresolved compilation problem: 
Syntax error, insert "}" to complete Block
]]>
            </message>
            <full-stacktrace>
              <![CDATA[org.testng.TestException: 
Expected exception of type class java.lang.ArithmeticException but got java.lang.Error: Unresolved compilation problem: 
Syntax error, insert "}" to complete Block

at org.testng.internal.ExpectedExceptionsHolder.wrongException(ExpectedExceptionsHolder.java:68)
at org.testng.internal.Invoker.considerExceptions(Invoker.java:1130)
at org.testng.internal.Invoker.invokeMethod(Invoker.java:615)
at org.testng.internal.Invoker.invokeTestMethod(Invoker.java:719)
at org.testng.internal.Invoker.invokeTestMethods(Invoker.java:989)
at org.testng.internal.TestMethodWorker.invokeTestMethods(TestMethodWorker.java:125)
at org.testng.internal.TestMethodWorker.run(TestMethodWorker.java:109)
at org.testng.TestRunner.privateRun(TestRunner.java:648)
at org.testng.TestRunner.run(TestRunner.java:505)
at org.testng.SuiteRunner.runTest(SuiteRunner.java:455)
at org.testng.SuiteRunner.runSequentially(SuiteRunner.java:450)
at org.testng.SuiteRunner.privateRun(SuiteRunner.java:415)
at org.testng.SuiteRunner.run(SuiteRunner.java:364)
at org.testng.SuiteRunnerWorker.runSuite(SuiteRunnerWorker.java:52)
at org.testng.SuiteRunnerWorker.run(SuiteRunnerWorker.java:84)
at org.testng.TestNG.runSuitesSequentially(TestNG.java:1208)
at org.testng.TestNG.runSuitesLocally(TestNG.java:1137)
at org.testng.TestNG.runSuites(TestNG.java:1049)
at org.testng.TestNG.run(TestNG.java:1017)
at org.testng.remote.AbstractRemoteTestNG.run(AbstractRemoteTestNG.java:115)
at org.testng.remote.RemoteTestNG.initAndRun(RemoteTestNG.java:251)
at org.testng.remote.RemoteTestNG.main(RemoteTestNG.java:77)
Caused by: java.lang.Error: Unresolved compilation problem: 
Syntax error, insert "}" to complete Block

at environment.Massiv.division(Massiv.java:22)
at environment.NewTest.test1(NewTest.java:37)
at sun.reflect.NativeMethodAccessorImpl.invoke0(Native Method)
at sun.reflect.NativeMethodAccessorImpl.invoke(Unknown Source)
at sun.reflect.DelegatingMethodAccessorImpl.invoke(Unknown Source)
at java.lang.reflect.Method.invoke(Unknown Source)
at org.testng.internal.MethodInvocationHelper.invokeMethod(MethodInvocationHelper.java:124)
at org.testng.internal.Invoker.invokeMethod(Invoker.java:583)
... 19 more
]]>
            </full-stacktrace>
          </exception> <!-- org.testng.TestException -->
          <reporter-output>
          </reporter-output>
        </test-method> <!-- test1 -->
        <test-method status="PASS" signature="afterMethod()[pri:0, instance:environment.NewTest@3dd4a6fa]" name="afterMethod" is-config="true" duration-ms="0" started-at="2019-03-15T08:23:04Z" finished-at="2019-03-15T08:23:04Z">
          <reporter-output>
          </reporter-output>
        </test-method> <!-- afterMethod -->
        <test-method status="PASS" signature="beforeMethod()[pri:0, instance:environment.NewTest@3dd4a6fa]" name="beforeMethod" is-config="true" duration-ms="1" started-at="2019-03-15T08:23:04Z" finished-at="2019-03-15T08:23:04Z">
          <reporter-output>
          </reporter-output>
        </test-method> <!-- beforeMethod -->
        <test-method status="PASS" signature="test10()[pri:0, instance:environment.NewTest@3dd4a6fa]" name="test10" duration-ms="14" started-at="2019-03-15T08:23:04Z" finished-at="2019-03-15T08:23:04Z">
          <reporter-output>
          </reporter-output>
        </test-method> <!-- test10 -->
        <test-method status="PASS" signature="afterMethod()[pri:0, instance:environment.NewTest@3dd4a6fa]" name="afterMethod" is-config="true" duration-ms="0" started-at="2019-03-15T08:23:04Z" finished-at="2019-03-15T08:23:04Z">
          <reporter-output>
          </reporter-output>
        </test-method> <!-- afterMethod -->
        <test-method status="PASS" signature="beforeMethod()[pri:0, instance:environment.NewTest@3dd4a6fa]" name="beforeMethod" is-config="true" duration-ms="0" started-at="2019-03-15T08:23:04Z" finished-at="2019-03-15T08:23:04Z">
          <reporter-output>
          </reporter-output>
        </test-method> <!-- beforeMethod -->
        <test-method status="PASS" signature="test12()[pri:0, instance:environment.NewTest@3dd4a6fa]" name="test12" duration-ms="4" started-at="2019-03-15T08:23:04Z" finished-at="2019-03-15T08:23:04Z">
          <reporter-output>
          </reporter-output>
        </test-method> <!-- test12 -->
        <test-method status="PASS" signature="afterMethod()[pri:0, instance:environment.NewTest@3dd4a6fa]" name="afterMethod" is-config="true" duration-ms="0" started-at="2019-03-15T08:23:04Z" finished-at="2019-03-15T08:23:04Z">
          <reporter-output>
          </reporter-output>
        </test-method> <!-- afterMethod -->
        <test-method status="PASS" signature="test13()[pri:0, instance:environment.NewTest@3dd4a6fa]" name="test13" duration-ms="4" started-at="2019-03-15T08:23:04Z" finished-at="2019-03-15T08:23:04Z">
          <reporter-output>
          </reporter-output>
        </test-method> <!-- test13 -->
        <test-method status="PASS" signature="beforeMethod()[pri:0, instance:environment.NewTest@3dd4a6fa]" name="beforeMethod" is-config="true" duration-ms="0" started-at="2019-03-15T08:23:04Z" finished-at="2019-03-15T08:23:04Z">
          <reporter-output>
          </reporter-output>
        </test-method> <!-- beforeMethod -->
        <test-method status="PASS" signature="afterMethod()[pri:0, instance:environment.NewTest@3dd4a6fa]" name="afterMethod" is-config="true" duration-ms="0" started-at="2019-03-15T08:23:04Z" finished-at="2019-03-15T08:23:04Z">
          <reporter-output>
          </reporter-output>
        </test-method> <!-- afterMethod -->
        <test-method status="PASS" signature="test14()[pri:0, instance:environment.NewTest@3dd4a6fa]" name="test14" duration-ms="3" started-at="2019-03-15T08:23:04Z" finished-at="2019-03-15T08:23:04Z">
          <reporter-output>
          </reporter-output>
        </test-method> <!-- test14 -->
        <test-method status="PASS" signature="beforeMethod()[pri:0, instance:environment.NewTest@3dd4a6fa]" name="beforeMethod" is-config="true" duration-ms="0" started-at="2019-03-15T08:23:04Z" finished-at="2019-03-15T08:23:04Z">
          <reporter-output>
          </reporter-output>
        </test-method> <!-- beforeMethod -->
        <test-method status="PASS" signature="afterMethod()[pri:0, instance:environment.NewTest@3dd4a6fa]" name="afterMethod" is-config="true" duration-ms="0" started-at="2019-03-15T08:23:04Z" finished-at="2019-03-15T08:23:04Z">
          <reporter-output>
          </reporter-output>
        </test-method> <!-- afterMethod -->
        <test-method status="PASS" signature="beforeMethod()[pri:0, instance:environment.NewTest@3dd4a6fa]" name="beforeMethod" is-config="true" duration-ms="0" started-at="2019-03-15T08:23:04Z" finished-at="2019-03-15T08:23:04Z">
          <reporter-output>
          </reporter-output>
        </test-method> <!-- beforeMethod -->
        <test-method status="PASS" signature="test15()[pri:0, instance:environment.NewTest@3dd4a6fa]" name="test15" duration-ms="3" started-at="2019-03-15T08:23:04Z" finished-at="2019-03-15T08:23:04Z">
          <reporter-output>
          </reporter-output>
        </test-method> <!-- test15 -->
        <test-method status="PASS" signature="afterMethod()[pri:0, instance:environment.NewTest@3dd4a6fa]" name="afterMethod" is-config="true" duration-ms="1" started-at="2019-03-15T08:23:04Z" finished-at="2019-03-15T08:23:04Z">
          <reporter-output>
          </reporter-output>
        </test-method> <!-- afterMethod -->
        <test-method status="PASS" signature="test16()[pri:0, instance:environment.NewTest@3dd4a6fa]" name="test16" duration-ms="4" started-at="2019-03-15T08:23:04Z" finished-at="2019-03-15T08:23:04Z">
          <reporter-output>
          </reporter-output>
        </test-method> <!-- test16 -->
        <test-method status="PASS" signature="beforeMethod()[pri:0, instance:environment.NewTest@3dd4a6fa]" name="beforeMethod" is-config="true" duration-ms="0" started-at="2019-03-15T08:23:04Z" finished-at="2019-03-15T08:23:04Z">
          <reporter-output>
          </reporter-output>
        </test-method> <!-- beforeMethod -->
        <test-method status="PASS" signature="afterMethod()[pri:0, instance:environment.NewTest@3dd4a6fa]" name="afterMethod" is-config="true" duration-ms="0" started-at="2019-03-15T08:23:04Z" finished-at="2019-03-15T08:23:04Z">
          <reporter-output>
          </reporter-output>
        </test-method> <!-- afterMethod -->
        <test-method status="PASS" signature="test17()[pri:0, instance:environment.NewTest@3dd4a6fa]" name="test17" duration-ms="1" started-at="2019-03-15T08:23:04Z" finished-at="2019-03-15T08:23:04Z">
          <reporter-output>
          </reporter-output>
        </test-method> <!-- test17 -->
        <test-method status="PASS" signature="beforeMethod()[pri:0, instance:environment.NewTest@3dd4a6fa]" name="beforeMethod" is-config="true" duration-ms="0" started-at="2019-03-15T08:23:04Z" finished-at="2019-03-15T08:23:04Z">
          <reporter-output>
          </reporter-output>
        </test-method> <!-- beforeMethod -->
        <test-method status="PASS" signature="afterMethod()[pri:0, instance:environment.NewTest@3dd4a6fa]" name="afterMethod" is-config="true" duration-ms="1" started-at="2019-03-15T08:23:04Z" finished-at="2019-03-15T08:23:04Z">
          <reporter-output>
          </reporter-output>
        </test-method> <!-- afterMethod -->
        <test-method status="PASS" signature="beforeMethod()[pri:0, instance:environment.NewTest@3dd4a6fa]" name="beforeMethod" is-config="true" duration-ms="1" started-at="2019-03-15T08:23:04Z" finished-at="2019-03-15T08:23:04Z">
          <reporter-output>
          </reporter-output>
        </test-method> <!-- beforeMethod -->
        <test-method status="PASS" signature="test18()[pri:0, instance:environment.NewTest@3dd4a6fa]" name="test18" duration-ms="1" started-at="2019-03-15T08:23:04Z" finished-at="2019-03-15T08:23:04Z">
          <reporter-output>
          </reporter-output>
        </test-method> <!-- test18 -->
        <test-method status="PASS" signature="beforeMethod()[pri:0, instance:environment.NewTest@3dd4a6fa]" name="beforeMethod" is-config="true" duration-ms="0" started-at="2019-03-15T08:23:04Z" finished-at="2019-03-15T08:23:04Z">
          <reporter-output>
          </reporter-output>
        </test-method> <!-- beforeMethod -->
        <test-method status="PASS" signature="afterMethod()[pri:0, instance:environment.NewTest@3dd4a6fa]" name="afterMethod" is-config="true" duration-ms="0" started-at="2019-03-15T08:23:04Z" finished-at="2019-03-15T08:23:04Z">
          <reporter-output>
          </reporter-output>
        </test-method> <!-- afterMethod -->
        <test-method status="PASS" signature="test19()[pri:0, instance:environment.NewTest@3dd4a6fa]" name="test19" duration-ms="2" started-at="2019-03-15T08:23:04Z" finished-at="2019-03-15T08:23:04Z">
          <reporter-output>
          </reporter-output>
        </test-method> <!-- test19 -->
        <test-method status="PASS" signature="beforeMethod()[pri:0, instance:environment.NewTest@3dd4a6fa]" name="beforeMethod" is-config="true" duration-ms="1" started-at="2019-03-15T08:23:04Z" finished-at="2019-03-15T08:23:04Z">
          <reporter-output>
          </reporter-output>
        </test-method> <!-- beforeMethod -->
        <test-method status="PASS" signature="afterMethod()[pri:0, instance:environment.NewTest@3dd4a6fa]" name="afterMethod" is-config="true" duration-ms="0" started-at="2019-03-15T08:23:04Z" finished-at="2019-03-15T08:23:04Z">
          <reporter-output>
          </reporter-output>
        </test-method> <!-- afterMethod -->
        <test-method status="PASS" signature="test2()[pri:0, instance:environment.NewTest@3dd4a6fa]" name="test2" duration-ms="2" started-at="2019-03-15T08:23:04Z" finished-at="2019-03-15T08:23:04Z">
          <reporter-output>
          </reporter-output>
        </test-method> <!-- test2 -->
        <test-method status="PASS" signature="afterMethod()[pri:0, instance:environment.NewTest@3dd4a6fa]" name="afterMethod" is-config="true" duration-ms="1" started-at="2019-03-15T08:23:04Z" finished-at="2019-03-15T08:23:04Z">
          <reporter-output>
          </reporter-output>
        </test-method> <!-- afterMethod -->
        <test-method status="PASS" signature="test20()[pri:0, instance:environment.NewTest@3dd4a6fa]" name="test20" duration-ms="1" started-at="2019-03-15T08:23:04Z" finished-at="2019-03-15T08:23:04Z">
          <reporter-output>
          </reporter-output>
        </test-method> <!-- test20 -->
        <test-method status="PASS" signature="beforeMethod()[pri:0, instance:environment.NewTest@3dd4a6fa]" name="beforeMethod" is-config="true" duration-ms="0" started-at="2019-03-15T08:23:04Z" finished-at="2019-03-15T08:23:04Z">
          <reporter-output>
          </reporter-output>
        </test-method> <!-- beforeMethod -->
        <test-method status="PASS" signature="afterMethod()[pri:0, instance:environment.NewTest@3dd4a6fa]" name="afterMethod" is-config="true" duration-ms="0" started-at="2019-03-15T08:23:04Z" finished-at="2019-03-15T08:23:04Z">
          <reporter-output>
          </reporter-output>
        </test-method> <!-- afterMethod -->
        <test-method status="PASS" signature="test21()[pri:0, instance:environment.NewTest@3dd4a6fa]" name="test21" duration-ms="1" started-at="2019-03-15T08:23:04Z" finished-at="2019-03-15T08:23:04Z">
          <reporter-output>
          </reporter-output>
        </test-method> <!-- test21 -->
        <test-method status="PASS" signature="beforeMethod()[pri:0, instance:environment.NewTest@3dd4a6fa]" name="beforeMethod" is-config="true" duration-ms="0" started-at="2019-03-15T08:23:04Z" finished-at="2019-03-15T08:23:04Z">
          <reporter-output>
          </reporter-output>
        </test-method> <!-- beforeMethod -->
        <test-method status="PASS" signature="afterMethod()[pri:0, instance:environment.NewTest@3dd4a6fa]" name="afterMethod" is-config="true" duration-ms="1" started-at="2019-03-15T08:23:04Z" finished-at="2019-03-15T08:23:04Z">
          <reporter-output>
          </reporter-output>
        </test-method> <!-- afterMethod -->
        <test-method status="PASS" signature="beforeMethod()[pri:0, instance:environment.NewTest@3dd4a6fa]" name="beforeMethod" is-config="true" duration-ms="3" started-at="2019-03-15T08:23:04Z" finished-at="2019-03-15T08:23:04Z">
          <reporter-output>
          </reporter-output>
        </test-method> <!-- beforeMethod -->
        <test-method status="PASS" signature="test22()[pri:0, instance:environment.NewTest@3dd4a6fa]" name="test22" duration-ms="2" started-at="2019-03-15T08:23:04Z" finished-at="2019-03-15T08:23:04Z">
          <reporter-output>
          </reporter-output>
        </test-method> <!-- test22 -->
        <test-method status="PASS" signature="afterMethod()[pri:0, instance:environment.NewTest@3dd4a6fa]" name="afterMethod" is-config="true" duration-ms="1" started-at="2019-03-15T08:23:04Z" finished-at="2019-03-15T08:23:04Z">
          <reporter-output>
          </reporter-output>
        </test-method> <!-- afterMethod -->
        <test-method status="PASS" signature="beforeMethod()[pri:0, instance:environment.NewTest@3dd4a6fa]" name="beforeMethod" is-config="true" duration-ms="1" started-at="2019-03-15T08:23:04Z" finished-at="2019-03-15T08:23:04Z">
          <reporter-output>
          </reporter-output>
        </test-method> <!-- beforeMethod -->
        <test-method status="PASS" signature="test23()[pri:0, instance:environment.NewTest@3dd4a6fa]" name="test23" duration-ms="0" started-at="2019-03-15T08:23:04Z" finished-at="2019-03-15T08:23:04Z">
          <reporter-output>
          </reporter-output>
        </test-method> <!-- test23 -->
        <test-method status="PASS" signature="afterMethod()[pri:0, instance:environment.NewTest@3dd4a6fa]" name="afterMethod" is-config="true" duration-ms="0" started-at="2019-03-15T08:23:04Z" finished-at="2019-03-15T08:23:04Z">
          <reporter-output>
          </reporter-output>
        </test-method> <!-- afterMethod -->
        <test-method status="PASS" signature="test24()[pri:0, instance:environment.NewTest@3dd4a6fa]" name="test24" duration-ms="1" started-at="2019-03-15T08:23:04Z" finished-at="2019-03-15T08:23:04Z">
          <reporter-output>
          </reporter-output>
        </test-method> <!-- test24 -->
        <test-method status="PASS" signature="beforeMethod()[pri:0, instance:environment.NewTest@3dd4a6fa]" name="beforeMethod" is-config="true" duration-ms="0" started-at="2019-03-15T08:23:04Z" finished-at="2019-03-15T08:23:04Z">
          <reporter-output>
          </reporter-output>
        </test-method> <!-- beforeMethod -->
        <test-method status="PASS" signature="beforeMethod()[pri:0, instance:environment.NewTest@3dd4a6fa]" name="beforeMethod" is-config="true" duration-ms="0" started-at="2019-03-15T08:23:04Z" finished-at="2019-03-15T08:23:04Z">
          <reporter-output>
          </reporter-output>
        </test-method> <!-- beforeMethod -->
        <test-method status="PASS" signature="afterMethod()[pri:0, instance:environment.NewTest@3dd4a6fa]" name="afterMethod" is-config="true" duration-ms="0" started-at="2019-03-15T08:23:04Z" finished-at="2019-03-15T08:23:04Z">
          <reporter-output>
          </reporter-output>
        </test-method> <!-- afterMethod -->
        <test-method status="PASS" signature="test3()[pri:0, instance:environment.NewTest@3dd4a6fa]" name="test3" duration-ms="0" started-at="2019-03-15T08:23:04Z" finished-at="2019-03-15T08:23:04Z">
          <reporter-output>
          </reporter-output>
        </test-method> <!-- test3 -->
        <test-method status="PASS" signature="afterMethod()[pri:0, instance:environment.NewTest@3dd4a6fa]" name="afterMethod" is-config="true" duration-ms="0" started-at="2019-03-15T08:23:04Z" finished-at="2019-03-15T08:23:04Z">
          <reporter-output>
          </reporter-output>
        </test-method> <!-- afterMethod -->
        <test-method status="PASS" signature="test4()[pri:0, instance:environment.NewTest@3dd4a6fa]" name="test4" duration-ms="1" started-at="2019-03-15T08:23:04Z" finished-at="2019-03-15T08:23:04Z">
          <reporter-output>
          </reporter-output>
        </test-method> <!-- test4 -->
        <test-method status="PASS" signature="beforeMethod()[pri:0, instance:environment.NewTest@3dd4a6fa]" name="beforeMethod" is-config="true" duration-ms="0" started-at="2019-03-15T08:23:04Z" finished-at="2019-03-15T08:23:04Z">
          <reporter-output>
          </reporter-output>
        </test-method> <!-- beforeMethod -->
        <test-method status="PASS" signature="afterMethod()[pri:0, instance:environment.NewTest@3dd4a6fa]" name="afterMethod" is-config="true" duration-ms="0" started-at="2019-03-15T08:23:04Z" finished-at="2019-03-15T08:23:04Z">
          <reporter-output>
          </reporter-output>
        </test-method> <!-- afterMethod -->
        <test-method status="PASS" signature="test5()[pri:0, instance:environment.NewTest@3dd4a6fa]" name="test5" duration-ms="1" started-at="2019-03-15T08:23:04Z" finished-at="2019-03-15T08:23:04Z">
          <reporter-output>
          </reporter-output>
        </test-method> <!-- test5 -->
        <test-method status="PASS" signature="beforeMethod()[pri:0, instance:environment.NewTest@3dd4a6fa]" name="beforeMethod" is-config="true" duration-ms="0" started-at="2019-03-15T08:23:04Z" finished-at="2019-03-15T08:23:04Z">
          <reporter-output>
          </reporter-output>
        </test-method> <!-- beforeMethod -->
        <test-method status="PASS" signature="afterMethod()[pri:0, instance:environment.NewTest@3dd4a6fa]" name="afterMethod" is-config="true" duration-ms="0" started-at="2019-03-15T08:23:04Z" finished-at="2019-03-15T08:23:04Z">
          <reporter-output>
          </reporter-output>
        </test-method> <!-- afterMethod -->
        <test-method status="PASS" signature="test6()[pri:0, instance:environment.NewTest@3dd4a6fa]" name="test6" duration-ms="1" started-at="2019-03-15T08:23:04Z" finished-at="2019-03-15T08:23:04Z">
          <reporter-output>
          </reporter-output>
        </test-method> <!-- test6 -->
        <test-method status="PASS" signature="beforeMethod()[pri:0, instance:environment.NewTest@3dd4a6fa]" name="beforeMethod" is-config="true" duration-ms="0" started-at="2019-03-15T08:23:04Z" finished-at="2019-03-15T08:23:04Z">
          <reporter-output>
          </reporter-output>
        </test-method> <!-- beforeMethod -->
        <test-method status="PASS" signature="afterMethod()[pri:0, instance:environment.NewTest@3dd4a6fa]" name="afterMethod" is-config="true" duration-ms="1" started-at="2019-03-15T08:23:04Z" finished-at="2019-03-15T08:23:04Z">
          <reporter-output>
          </reporter-output>
        </test-method> <!-- afterMethod -->
        <test-method status="PASS" signature="test7()[pri:0, instance:environment.NewTest@3dd4a6fa]" name="test7" duration-ms="1" started-at="2019-03-15T08:23:04Z" finished-at="2019-03-15T08:23:04Z">
          <reporter-output>
          </reporter-output>
        </test-method> <!-- test7 -->
        <test-method status="PASS" signature="beforeMethod()[pri:0, instance:environment.NewTest@3dd4a6fa]" name="beforeMethod" is-config="true" duration-ms="0" started-at="2019-03-15T08:23:04Z" finished-at="2019-03-15T08:23:04Z">
          <reporter-output>
          </reporter-output>
        </test-method> <!-- beforeMethod -->
        <test-method status="PASS" signature="afterMethod()[pri:0, instance:environment.NewTest@3dd4a6fa]" name="afterMethod" is-config="true" duration-ms="0" started-at="2019-03-15T08:23:04Z" finished-at="2019-03-15T08:23:04Z">
          <reporter-output>
          </reporter-output>
        </test-method> <!-- afterMethod -->
        <test-method status="PASS" signature="test8()[pri:0, instance:environment.NewTest@3dd4a6fa]" name="test8" duration-ms="1" started-at="2019-03-15T08:23:04Z" finished-at="2019-03-15T08:23:04Z">
          <reporter-output>
          </reporter-output>
        </test-method> <!-- test8 -->
        <test-method status="PASS" signature="beforeMethod()[pri:0, instance:environment.NewTest@3dd4a6fa]" name="beforeMethod" is-config="true" duration-ms="0" started-at="2019-03-15T08:23:04Z" finished-at="2019-03-15T08:23:04Z">
          <reporter-output>
          </reporter-output>
        </test-method> <!-- beforeMethod -->
        <test-method status="PASS" signature="afterMethod()[pri:0, instance:environment.NewTest@3dd4a6fa]" name="afterMethod" is-config="true" duration-ms="0" started-at="2019-03-15T08:23:04Z" finished-at="2019-03-15T08:23:04Z">
          <reporter-output>
          </reporter-output>
        </test-method> <!-- afterMethod -->
        <test-method status="PASS" signature="beforeMethod()[pri:0, instance:environment.NewTest@3dd4a6fa]" name="beforeMethod" is-config="true" duration-ms="2" started-at="2019-03-15T08:23:04Z" finished-at="2019-03-15T08:23:04Z">
          <reporter-output>
          </reporter-output>
        </test-method> <!-- beforeMethod -->
        <test-method status="PASS" signature="test9()[pri:0, instance:environment.NewTest@3dd4a6fa]" name="test9" duration-ms="0" started-at="2019-03-15T08:23:04Z" finished-at="2019-03-15T08:23:04Z">
          <reporter-output>
          </reporter-output>
        </test-method> <!-- test9 -->
        <test-method status="PASS" signature="afterMethod()[pri:0, instance:environment.NewTest@3dd4a6fa]" name="afterMethod" is-config="true" duration-ms="0" started-at="2019-03-15T08:23:04Z" finished-at="2019-03-15T08:23:04Z">
          <reporter-output>
          </reporter-output>
        </test-method> <!-- afterMethod -->
        <test-method status="PASS" signature="afterClass()[pri:0, instance:environment.NewTest@3dd4a6fa]" name="afterClass" is-config="true" duration-ms="0" started-at="2019-03-15T08:23:04Z" finished-at="2019-03-15T08:23:04Z">
          <reporter-output>
          </reporter-output>
        </test-method> <!-- afterClass -->
        <test-method status="PASS" signature="afterTest()[pri:0, instance:environment.NewTest@3dd4a6fa]" name="afterTest" is-config="true" duration-ms="1" started-at="2019-03-15T08:23:04Z" finished-at="2019-03-15T08:23:04Z">
          <reporter-output>
          </reporter-output>
        </test-method> <!-- afterTest -->
        <test-method status="PASS" signature="afterSuite()[pri:0, instance:environment.NewTest@3dd4a6fa]" name="afterSuite" is-config="true" duration-ms="0" started-at="2019-03-15T08:23:04Z" finished-at="2019-03-15T08:23:04Z">
          <reporter-output>
          </reporter-output>
        </test-method> <!-- afterSuite -->
      </class> <!-- environment.NewTest -->
    </test> <!-- Default test -->
  </suite> <!-- Default suite -->
</testng-results>
